
> quiz-app@1.0.0 start
> sudo node app.js

info: Server is listening on port 80 {"timestamp":"2024-04-30T10:00:51.577Z"}
info: New client connected with socket id: {"timestamp":"2024-04-30T10:00:57.185Z"}
info: a user disconnected {"timestamp":"2024-04-30T10:00:57.282Z"}
info: New client connected with socket id: {"timestamp":"2024-04-30T10:00:57.365Z"}
info: a user disconnected {"timestamp":"2024-04-30T10:01:09.502Z"}
Terminated

> quiz-app@1.0.0 start
> sudo node app.js

info: Server is listening on port 80 {"timestamp":"2024-04-30T10:04:50.988Z"}
info: New client connected with socket id: {"timestamp":"2024-04-30T10:04:51.967Z"}
info: a user disconnected {"timestamp":"2024-04-30T10:04:52.038Z"}
info: New client connected with socket id: {"timestamp":"2024-04-30T10:04:52.139Z"}
info: a user disconnected {"timestamp":"2024-04-30T10:05:15.134Z"}
info: New client connected with socket id: {"timestamp":"2024-04-30T10:06:49.455Z"}
info: a user disconnected {"timestamp":"2024-04-30T10:07:33.153Z"}
info: New client connected with socket id: {"timestamp":"2024-04-30T10:07:33.298Z"}
info: pi-count-people {"questionId":-1,"quizId":-1,"timestamp":"2024-04-30T10:07:55.945Z"}
info: pi-count-people {"questionId":-1,"quizId":-1,"timestamp":"2024-04-30T10:08:36.587Z"}
